<?xml version="1.0" encoding="UTF-8"?>
<testng-results ignored="0" total="9" passed="8" failed="1" skipped="0">
  <reporter-output>
  </reporter-output>
  <suite started-at="2024-01-17T18:27:55 IST" name="Tutorials Ninja Automation Test" finished-at="2024-01-17T18:28:38 IST" duration-ms="42561">
    <groups>
    </groups>
    <test started-at="2024-01-17T18:27:55 IST" name="Tutorials Ninja Test Cases" finished-at="2024-01-17T18:28:38 IST" duration-ms="42561">
      <class name="com.tutorialsninja.qa.testcases.RegisterTest">
        <test-method is-config="true" signature="setUp()[pri:0, instance:com.tutorialsninja.qa.testcases.RegisterTest@290222c1]" started-at="2024-01-17T18:27:55 IST" name="setUp" finished-at="2024-01-17T18:28:00 IST" duration-ms="4915" status="PASS">
          <reporter-output>
          </reporter-output>
        </test-method> <!-- setUp -->
        <test-method signature="registerWithMandatoryFields()[pri:1, instance:com.tutorialsninja.qa.testcases.RegisterTest@290222c1]" started-at="2024-01-17T18:28:00 IST" name="registerWithMandatoryFields" finished-at="2024-01-17T18:28:01 IST" duration-ms="1013" status="PASS">
          <reporter-output>
          </reporter-output>
        </test-method> <!-- registerWithMandatoryFields -->
        <test-method is-config="true" signature="tearDown()[pri:0, instance:com.tutorialsninja.qa.testcases.RegisterTest@290222c1]" started-at="2024-01-17T18:28:01 IST" name="tearDown" finished-at="2024-01-17T18:28:02 IST" duration-ms="172" status="PASS">
          <reporter-output>
          </reporter-output>
        </test-method> <!-- tearDown -->
        <test-method is-config="true" signature="setUp()[pri:0, instance:com.tutorialsninja.qa.testcases.RegisterTest@290222c1]" started-at="2024-01-17T18:28:02 IST" name="setUp" finished-at="2024-01-17T18:28:06 IST" duration-ms="4747" status="PASS">
          <reporter-output>
          </reporter-output>
        </test-method> <!-- setUp -->
        <test-method signature="registerWithAllFields()[pri:2, instance:com.tutorialsninja.qa.testcases.RegisterTest@290222c1]" started-at="2024-01-17T18:28:06 IST" name="registerWithAllFields" finished-at="2024-01-17T18:28:07 IST" duration-ms="381" status="FAIL">
          <exception class="org.openqa.selenium.InvalidSelectorException">
            <message>
              <![CDATA[invalid selector: Unable to locate an element with the xpath expression //input[@value='1'])[2] because of the following error:
SyntaxError: Failed to execute 'evaluate' on 'Document': The string '//input[@value='1'])[2]' is not a valid XPath expression.
  (Session info: chrome=100.0.4896.60)
For documentation on this error, please visit: https://www.selenium.dev/documentation/webdriver/troubleshooting/errors#invalid-selector-exception
Build info: version: '4.16.1', revision: '9b4c83354e'
System info: os.name: 'Windows 10', os.arch: 'amd64', os.version: '10.0', java.version: '17.0.2'
Driver info: org.openqa.selenium.chrome.ChromeDriver
Command: [0602aecc947919f7cfd4b3d535de83ee, findElement {using=xpath, value=//input[@value='1'])[2]}]
Capabilities {acceptInsecureCerts: false, browserName: chrome, browserVersion: 100.0.4896.60, chrome: {chromedriverVersion: 100.0.4896.60 (6a5d10861ce8..., userDataDir: C:\Users\ASHWIN~1.LAN\AppDa...}, goog:chromeOptions: {debuggerAddress: localhost:61964}, networkConnectionEnabled: false, pageLoadStrategy: normal, platformName: windows, proxy: Proxy(), se:cdp: ws://localhost:61964/devtoo..., se:cdpVersion: 100.0.4896.60, setWindowRect: true, strictFileInteractability: false, timeouts: {implicit: 0, pageLoad: 300000, script: 30000}, unhandledPromptBehavior: dismiss and notify, webauthn:extension:credBlob: true, webauthn:extension:largeBlob: true, webauthn:virtualAuthenticators: true}
Session ID: 0602aecc947919f7cfd4b3d535de83ee]]>
            </message>
            <full-stacktrace>
              <![CDATA[org.openqa.selenium.InvalidSelectorException: invalid selector: Unable to locate an element with the xpath expression //input[@value='1'])[2] because of the following error:
SyntaxError: Failed to execute 'evaluate' on 'Document': The string '//input[@value='1'])[2]' is not a valid XPath expression.
  (Session info: chrome=100.0.4896.60)
For documentation on this error, please visit: https://www.selenium.dev/documentation/webdriver/troubleshooting/errors#invalid-selector-exception
Build info: version: '4.16.1', revision: '9b4c83354e'
System info: os.name: 'Windows 10', os.arch: 'amd64', os.version: '10.0', java.version: '17.0.2'
Driver info: org.openqa.selenium.chrome.ChromeDriver
Command: [0602aecc947919f7cfd4b3d535de83ee, findElement {using=xpath, value=//input[@value='1'])[2]}]
Capabilities {acceptInsecureCerts: false, browserName: chrome, browserVersion: 100.0.4896.60, chrome: {chromedriverVersion: 100.0.4896.60 (6a5d10861ce8..., userDataDir: C:\Users\ASHWIN~1.LAN\AppDa...}, goog:chromeOptions: {debuggerAddress: localhost:61964}, networkConnectionEnabled: false, pageLoadStrategy: normal, platformName: windows, proxy: Proxy(), se:cdp: ws://localhost:61964/devtoo..., se:cdpVersion: 100.0.4896.60, setWindowRect: true, strictFileInteractability: false, timeouts: {implicit: 0, pageLoad: 300000, script: 30000}, unhandledPromptBehavior: dismiss and notify, webauthn:extension:credBlob: true, webauthn:extension:largeBlob: true, webauthn:virtualAuthenticators: true}
Session ID: 0602aecc947919f7cfd4b3d535de83ee
at java.base/jdk.internal.reflect.NativeConstructorAccessorImpl.newInstance0(Native Method)
at java.base/jdk.internal.reflect.NativeConstructorAccessorImpl.newInstance(NativeConstructorAccessorImpl.java:77)
at java.base/jdk.internal.reflect.DelegatingConstructorAccessorImpl.newInstance(DelegatingConstructorAccessorImpl.java:45)
at java.base/java.lang.reflect.Constructor.newInstanceWithCaller(Constructor.java:499)
at java.base/java.lang.reflect.Constructor.newInstance(Constructor.java:480)
at org.openqa.selenium.remote.codec.w3c.W3CHttpResponseCodec.createException(W3CHttpResponseCodec.java:200)
at org.openqa.selenium.remote.codec.w3c.W3CHttpResponseCodec.decode(W3CHttpResponseCodec.java:133)
at org.openqa.selenium.remote.codec.w3c.W3CHttpResponseCodec.decode(W3CHttpResponseCodec.java:52)
at org.openqa.selenium.remote.HttpCommandExecutor.execute(HttpCommandExecutor.java:191)
at org.openqa.selenium.remote.service.DriverCommandExecutor.invokeExecute(DriverCommandExecutor.java:200)
at org.openqa.selenium.remote.service.DriverCommandExecutor.execute(DriverCommandExecutor.java:175)
at org.openqa.selenium.remote.RemoteWebDriver.execute(RemoteWebDriver.java:523)
at org.openqa.selenium.remote.ElementLocation$ElementFinder$2.findElement(ElementLocation.java:165)
at org.openqa.selenium.remote.ElementLocation.findElement(ElementLocation.java:59)
at org.openqa.selenium.remote.RemoteWebDriver.findElement(RemoteWebDriver.java:360)
at org.openqa.selenium.remote.RemoteWebDriver.findElement(RemoteWebDriver.java:354)
at org.openqa.selenium.support.pagefactory.DefaultElementLocator.findElement(DefaultElementLocator.java:68)
at org.openqa.selenium.support.pagefactory.internal.LocatingElementHandler.invoke(LocatingElementHandler.java:38)
at jdk.proxy2/jdk.proxy2.$Proxy15.click(Unknown Source)
at com.tutorialsninja.qa.pages.RegisterPage.registerAllFields(RegisterPage.java:119)
at com.tutorialsninja.qa.testcases.RegisterTest.registerWithAllFields(RegisterTest.java:62)
at java.base/jdk.internal.reflect.NativeMethodAccessorImpl.invoke0(Native Method)
at java.base/jdk.internal.reflect.NativeMethodAccessorImpl.invoke(NativeMethodAccessorImpl.java:77)
at java.base/jdk.internal.reflect.DelegatingMethodAccessorImpl.invoke(DelegatingMethodAccessorImpl.java:43)
at java.base/java.lang.reflect.Method.invoke(Method.java:568)
at org.testng.internal.invokers.MethodInvocationHelper.invokeMethod(MethodInvocationHelper.java:139)
at org.testng.internal.invokers.TestInvoker.invokeMethod(TestInvoker.java:677)
at org.testng.internal.invokers.TestInvoker.invokeTestMethod(TestInvoker.java:221)
at org.testng.internal.invokers.MethodRunner.runInSequence(MethodRunner.java:50)
at org.testng.internal.invokers.TestInvoker$MethodInvocationAgent.invoke(TestInvoker.java:969)
at org.testng.internal.invokers.TestInvoker.invokeTestMethods(TestInvoker.java:194)
at org.testng.internal.invokers.TestMethodWorker.invokeTestMethods(TestMethodWorker.java:148)
at org.testng.internal.invokers.TestMethodWorker.run(TestMethodWorker.java:128)
at java.base/java.util.ArrayList.forEach(ArrayList.java:1511)
at org.testng.TestRunner.privateRun(TestRunner.java:829)
at org.testng.TestRunner.run(TestRunner.java:602)
at org.testng.SuiteRunner.runTest(SuiteRunner.java:437)
at org.testng.SuiteRunner.runSequentially(SuiteRunner.java:431)
at org.testng.SuiteRunner.privateRun(SuiteRunner.java:391)
at org.testng.SuiteRunner.run(SuiteRunner.java:330)
at org.testng.SuiteRunnerWorker.runSuite(SuiteRunnerWorker.java:52)
at org.testng.SuiteRunnerWorker.run(SuiteRunnerWorker.java:95)
at org.testng.TestNG.runSuitesSequentially(TestNG.java:1256)
at org.testng.TestNG.runSuitesLocally(TestNG.java:1176)
at org.testng.TestNG.runSuites(TestNG.java:1099)
at org.testng.TestNG.run(TestNG.java:1067)
at org.testng.remote.AbstractRemoteTestNG.run(AbstractRemoteTestNG.java:115)
at org.testng.remote.RemoteTestNG.initAndRun(RemoteTestNG.java:251)
at org.testng.remote.RemoteTestNG.main(RemoteTestNG.java:77)
]]>
            </full-stacktrace>
          </exception> <!-- org.openqa.selenium.InvalidSelectorException -->
          <reporter-output>
          </reporter-output>
        </test-method> <!-- registerWithAllFields -->
        <test-method is-config="true" signature="tearDown()[pri:0, instance:com.tutorialsninja.qa.testcases.RegisterTest@290222c1]" started-at="2024-01-17T18:28:07 IST" name="tearDown" finished-at="2024-01-17T18:28:07 IST" duration-ms="134" status="PASS">
          <reporter-output>
          </reporter-output>
        </test-method> <!-- tearDown -->
      </class> <!-- com.tutorialsninja.qa.testcases.RegisterTest -->
      <class name="com.tutorialsninja.qa.testcases.SearchTest">
        <test-method is-config="true" signature="setUp()[pri:0, instance:com.tutorialsninja.qa.testcases.SearchTest@3012646b]" started-at="2024-01-17T18:28:25 IST" name="setUp" finished-at="2024-01-17T18:28:29 IST" duration-ms="3600" status="PASS">
          <reporter-output>
          </reporter-output>
        </test-method> <!-- setUp -->
        <test-method signature="searcWithValidProduct()[pri:1, instance:com.tutorialsninja.qa.testcases.SearchTest@3012646b]" started-at="2024-01-17T18:28:29 IST" name="searcWithValidProduct" finished-at="2024-01-17T18:28:29 IST" duration-ms="416" status="PASS">
          <reporter-output>
          </reporter-output>
        </test-method> <!-- searcWithValidProduct -->
        <test-method is-config="true" signature="tearDown()[pri:0, instance:com.tutorialsninja.qa.testcases.SearchTest@3012646b]" started-at="2024-01-17T18:28:29 IST" name="tearDown" finished-at="2024-01-17T18:28:29 IST" duration-ms="143" status="PASS">
          <reporter-output>
          </reporter-output>
        </test-method> <!-- tearDown -->
        <test-method is-config="true" signature="setUp()[pri:0, instance:com.tutorialsninja.qa.testcases.SearchTest@3012646b]" started-at="2024-01-17T18:28:29 IST" name="setUp" finished-at="2024-01-17T18:28:33 IST" duration-ms="3631" status="PASS">
          <reporter-output>
          </reporter-output>
        </test-method> <!-- setUp -->
        <test-method signature="searcWithInvalidProduct()[pri:2, instance:com.tutorialsninja.qa.testcases.SearchTest@3012646b]" started-at="2024-01-17T18:28:33 IST" name="searcWithInvalidProduct" finished-at="2024-01-17T18:28:33 IST" duration-ms="370" status="PASS">
          <reporter-output>
          </reporter-output>
        </test-method> <!-- searcWithInvalidProduct -->
        <test-method is-config="true" signature="tearDown()[pri:0, instance:com.tutorialsninja.qa.testcases.SearchTest@3012646b]" started-at="2024-01-17T18:28:33 IST" name="tearDown" finished-at="2024-01-17T18:28:33 IST" duration-ms="138" status="PASS">
          <reporter-output>
          </reporter-output>
        </test-method> <!-- tearDown -->
        <test-method is-config="true" signature="setUp()[pri:0, instance:com.tutorialsninja.qa.testcases.SearchTest@3012646b]" started-at="2024-01-17T18:28:33 IST" name="setUp" finished-at="2024-01-17T18:28:37 IST" duration-ms="3852" status="PASS">
          <reporter-output>
          </reporter-output>
        </test-method> <!-- setUp -->
        <test-method signature="searcWithoutProduct()[pri:3, instance:com.tutorialsninja.qa.testcases.SearchTest@3012646b]" started-at="2024-01-17T18:28:37 IST" name="searcWithoutProduct" finished-at="2024-01-17T18:28:38 IST" duration-ms="273" status="PASS">
          <reporter-output>
          </reporter-output>
        </test-method> <!-- searcWithoutProduct -->
        <test-method is-config="true" signature="tearDown()[pri:0, instance:com.tutorialsninja.qa.testcases.SearchTest@3012646b]" started-at="2024-01-17T18:28:38 IST" name="tearDown" finished-at="2024-01-17T18:28:38 IST" duration-ms="134" status="PASS">
          <reporter-output>
          </reporter-output>
        </test-method> <!-- tearDown -->
      </class> <!-- com.tutorialsninja.qa.testcases.SearchTest -->
      <class name="com.tutorialsninja.qa.testcases.LoginTest">
        <test-method is-config="true" signature="setUp()[pri:0, instance:com.tutorialsninja.qa.testcases.LoginTest@52719fb6]" started-at="2024-01-17T18:28:07 IST" name="setUp" finished-at="2024-01-17T18:28:11 IST" duration-ms="3566" status="PASS">
          <reporter-output>
          </reporter-output>
        </test-method> <!-- setUp -->
        <test-method signature="verifyLoginWithValidInvalidCredentials()[pri:2, instance:com.tutorialsninja.qa.testcases.LoginTest@52719fb6]" started-at="2024-01-17T18:28:11 IST" name="verifyLoginWithValidInvalidCredentials" finished-at="2024-01-17T18:28:11 IST" duration-ms="466" status="PASS">
          <reporter-output>
          </reporter-output>
        </test-method> <!-- verifyLoginWithValidInvalidCredentials -->
        <test-method is-config="true" signature="tearDown()[pri:0, instance:com.tutorialsninja.qa.testcases.LoginTest@52719fb6]" started-at="2024-01-17T18:28:11 IST" name="tearDown" finished-at="2024-01-17T18:28:11 IST" duration-ms="143" status="PASS">
          <reporter-output>
          </reporter-output>
        </test-method> <!-- tearDown -->
        <test-method is-config="true" signature="setUp()[pri:0, instance:com.tutorialsninja.qa.testcases.LoginTest@52719fb6]" started-at="2024-01-17T18:28:11 IST" name="setUp" finished-at="2024-01-17T18:28:16 IST" duration-ms="4188" status="PASS">
          <reporter-output>
          </reporter-output>
        </test-method> <!-- setUp -->
        <test-method signature="verifyLoginWithInvalidEmailAndValidPassword()[pri:3, instance:com.tutorialsninja.qa.testcases.LoginTest@52719fb6]" started-at="2024-01-17T18:28:16 IST" name="verifyLoginWithInvalidEmailAndValidPassword" finished-at="2024-01-17T18:28:16 IST" duration-ms="473" status="PASS">
          <reporter-output>
          </reporter-output>
        </test-method> <!-- verifyLoginWithInvalidEmailAndValidPassword -->
        <test-method is-config="true" signature="tearDown()[pri:0, instance:com.tutorialsninja.qa.testcases.LoginTest@52719fb6]" started-at="2024-01-17T18:28:16 IST" name="tearDown" finished-at="2024-01-17T18:28:16 IST" duration-ms="149" status="PASS">
          <reporter-output>
          </reporter-output>
        </test-method> <!-- tearDown -->
        <test-method is-config="true" signature="setUp()[pri:0, instance:com.tutorialsninja.qa.testcases.LoginTest@52719fb6]" started-at="2024-01-17T18:28:16 IST" name="setUp" finished-at="2024-01-17T18:28:20 IST" duration-ms="3799" status="PASS">
          <reporter-output>
          </reporter-output>
        </test-method> <!-- setUp -->
        <test-method signature="verifyLoginWithValidEmailAndInvalidPassword()[pri:4, instance:com.tutorialsninja.qa.testcases.LoginTest@52719fb6]" started-at="2024-01-17T18:28:20 IST" name="verifyLoginWithValidEmailAndInvalidPassword" finished-at="2024-01-17T18:28:21 IST" duration-ms="515" status="PASS">
          <reporter-output>
          </reporter-output>
        </test-method> <!-- verifyLoginWithValidEmailAndInvalidPassword -->
        <test-method is-config="true" signature="tearDown()[pri:0, instance:com.tutorialsninja.qa.testcases.LoginTest@52719fb6]" started-at="2024-01-17T18:28:21 IST" name="tearDown" finished-at="2024-01-17T18:28:21 IST" duration-ms="135" status="PASS">
          <reporter-output>
          </reporter-output>
        </test-method> <!-- tearDown -->
        <test-method is-config="true" signature="setUp()[pri:0, instance:com.tutorialsninja.qa.testcases.LoginTest@52719fb6]" started-at="2024-01-17T18:28:21 IST" name="setUp" finished-at="2024-01-17T18:28:25 IST" duration-ms="3961" status="PASS">
          <reporter-output>
          </reporter-output>
        </test-method> <!-- setUp -->
        <test-method signature="verifyLoginWithoutCredentials()[pri:5, instance:com.tutorialsninja.qa.testcases.LoginTest@52719fb6]" started-at="2024-01-17T18:28:25 IST" name="verifyLoginWithoutCredentials" finished-at="2024-01-17T18:28:25 IST" duration-ms="349" status="PASS">
          <reporter-output>
          </reporter-output>
        </test-method> <!-- verifyLoginWithoutCredentials -->
        <test-method is-config="true" signature="tearDown()[pri:0, instance:com.tutorialsninja.qa.testcases.LoginTest@52719fb6]" started-at="2024-01-17T18:28:25 IST" name="tearDown" finished-at="2024-01-17T18:28:25 IST" duration-ms="139" status="PASS">
          <reporter-output>
          </reporter-output>
        </test-method> <!-- tearDown -->
      </class> <!-- com.tutorialsninja.qa.testcases.LoginTest -->
    </test> <!-- Tutorials Ninja Test Cases -->
  </suite> <!-- Tutorials Ninja Automation Test -->
</testng-results>
